Citas: 2024-05-16
Motivos: Tarde con irene
Citas: 2024-05-17
Motivos: Prueba 5
Citas: 2024-05-17
Motivos: Cena romántica con irene
Citas: 2024-05-18
Motivos: Toros con familia
Contraseña hasheada: 123456Contraseña original: 1111
Comparación contraseñas 
Contraseña hasheada: $2y$11$aaPSuMQNXbCj5Y.uiedV1eiG7l/fuIUMH0mQucI14pKke/PschiSC
Contraseña original: 1111
Comparación contraseñas 
Contraseña hasheada: 123456Contraseña original: 1111
Comparación contraseñas 
Usuario: 
Usuario: 1
Contraseña hasheada: $2y$11$jFUi8LXizmexpdUt9D7C/e6QWxDE4KoXLN11T1BHOajbqyMP6gBom
Contraseña original: 1111
Comparación contraseñas 
Términos y Condiciones 1
Términos y Condiciones 1
Términos y Condiciones 1
Términos y Condiciones 1
Términos y Condiciones 1
Contraseña hasheada: $2y$11$aaPSuMQNXbCj5Y.uiedV1eiG7l/fuIUMH0mQucI14pKke/PschiSC
Contraseña original: 1111
Comparación contraseñas 
Contraseña hasheada: $2y$11$YrgVRksqFW8yUY0Mlh77KuCd65GZgEoELu3wHbKpAXXx9rzCnb5oq
Contraseña original: 1111
Comparación contraseñas 
Contraseña hasheada: $2y$11$aaPSuMQNXbCj5Y.uiedV1eiG7l/fuIUMH0mQucI14pKke/PschiSC
Contraseña original: 1111
Comparación contraseñas 
Contraseña hasheada: $2y$11$YrgVRksqFW8yUY0Mlh77KuCd65GZgEoELu3wHbKpAXXx9rzCnb5oq
Contraseña original: 1111
Comparación contraseñas 
Contraseña hasheada: $2y$11$.Wgpvvkfd8K1PZ.ECgl/zevz5LDfnjhddZEjIpNevgxCUTvHVT7CC
Contraseña original: 1111
Comparación contraseñas 
Contraseña hasheada: $2y$11$aaPSuMQNXbCj5Y.uiedV1eiG7l/fuIUMH0mQucI14pKke/PschiSC
Contraseña original: 1111
Comparación contraseñas 
Contraseña hasheada: $2y$11$.Wgpvvkfd8K1PZ.ECgl/zevz5LDfnjhddZEjIpNevgxCUTvHVT7CC
Contraseña original: 1111
Comparación contraseñas 
Contraseña hasheada: $2y$11$YrgVRksqFW8yUY0Mlh77KuCd65GZgEoELu3wHbKpAXXx9rzCnb5oq
Contraseña original: 1111
Comparación contraseñas 
Contraseña hasheada: $2y$11$aaPSuMQNXbCj5Y.uiedV1eiG7l/fuIUMH0mQucI14pKke/PschiSC
Contraseña original: 1111
Comparación contraseñas 
Contraseña hasheada: $2y$11$aaPSuMQNXbCj5Y.uiedV1eiG7l/fuIUMH0mQucI14pKke/PschiSC
Contraseña original: 1111
Comparación contraseñas 
Contraseña hasheada: $2y$11$.Wgpvvkfd8K1PZ.ECgl/zevz5LDfnjhddZEjIpNevgxCUTvHVT7CC
Contraseña original: 123456
Comparación contraseñas 
Contraseña hasheada: $2y$11$.Wgpvvkfd8K1PZ.ECgl/zevz5LDfnjhddZEjIpNevgxCUTvHVT7CC
Contraseña original: 123456
Comparación contraseñas 
Contraseña hasheada: $2y$11$aaPSuMQNXbCj5Y.uiedV1eiG7l/fuIUMH0mQucI14pKke/PschiSC
Contraseña original: 1111
Comparación contraseñas 
Contraseña hasheada: $2y$11$.Wgpvvkfd8K1PZ.ECgl/zevz5LDfnjhddZEjIpNevgxCUTvHVT7CC
Contraseña original: 123456
Comparación contraseñas 
Contraseña hasheada: $2y$11$aaPSuMQNXbCj5Y.uiedV1eiG7l/fuIUMH0mQucI14pKke/PschiSC
Contraseña original: 123456
Comparación contraseñas 
Contraseña hasheada: $2y$11$.Wgpvvkfd8K1PZ.ECgl/zevz5LDfnjhddZEjIpNevgxCUTvHVT7CC
Contraseña original: 123456
Comparación contraseñas 
Contraseña hasheada: $2y$11$aaPSuMQNXbCj5Y.uiedV1eiG7l/fuIUMH0mQucI14pKke/PschiSC
Contraseña original: 1111
Comparación contraseñas 
Contraseña hasheada: $2y$11$aaPSuMQNXbCj5Y.uiedV1eiG7l/fuIUMH0mQucI14pKke/PschiSC
Contraseña original: 1111
Comparación contraseñas 
Contraseña hasheada: $2y$11$aaPSuMQNXbCj5Y.uiedV1eiG7l/fuIUMH0mQucI14pKke/PschiSC
Contraseña original: 1111
Comparación contraseñas 
Contraseña hasheada: $2y$11$.Wgpvvkfd8K1PZ.ECgl/zevz5LDfnjhddZEjIpNevgxCUTvHVT7CC
Contraseña original: 123456
Comparación contraseñas 
Contraseña hasheada: $2y$11$.Wgpvvkfd8K1PZ.ECgl/zevz5LDfnjhddZEjIpNevgxCUTvHVT7CC
Contraseña original: 123456
Comparación contraseñas 
Contraseña hasheada: $2y$11$aaPSuMQNXbCj5Y.uiedV1eiG7l/fuIUMH0mQucI14pKke/PschiSC
Contraseña original: 1111
Comparación contraseñas 
Contraseña hasheada: $2y$11$.Wgpvvkfd8K1PZ.ECgl/zevz5LDfnjhddZEjIpNevgxCUTvHVT7CC
Contraseña original: 123456
Comparación contraseñas 
Contraseña hasheada: $2y$11$H8INH19/S8Mz0lu6g1t1q..iCwa5FuXtpsq7GkGey7SDP9puK3Yhe
Contraseña original: 1111
Comparación contraseñas 
Contraseña hasheada: $2y$11$H8INH19/S8Mz0lu6g1t1q..iCwa5FuXtpsq7GkGey7SDP9puK3Yhe
Contraseña original: 1111
Comparación contraseñas 
Contraseña hasheada: $2y$11$H8INH19/S8Mz0lu6g1t1q..iCwa5FuXtpsq7GkGey7SDP9puK3Yhe
Contraseña original: 1111
Comparación contraseñas 
Contraseña hasheada: $2y$11$H8INH19/S8Mz0lu6g1t1q..iCwa5FuXtpsq7GkGey7SDP9puK3Yhe
Contraseña original: 1111
Comparación contraseñas 
Términos y Condiciones 1
Términos y Condiciones 1
Contraseña hasheada: $2y$11$bi1cIwkWsj0nZ3izTN47F.JmgdLw8PcjF0dkKwii9uYOTNddgevy.
Contraseña original: arjona14550
Comparación contraseñas 
Contraseña hasheada: $2y$11$bi1cIwkWsj0nZ3izTN47F.JmgdLw8PcjF0dkKwii9uYOTNddgevy.
Contraseña original: arjona14550
Comparación contraseñas 
Contraseña hasheada: $2y$11$.Wgpvvkfd8K1PZ.ECgl/zevz5LDfnjhddZEjIpNevgxCUTvHVT7CC
Contraseña original: 1111
Comparación contraseñas 
Contraseña hasheada: $2y$11$H8INH19/S8Mz0lu6g1t1q..iCwa5FuXtpsq7GkGey7SDP9puK3Yhe
Contraseña original: 1111
Comparación contraseñas 
Contraseña hasheada: $2y$11$H8INH19/S8Mz0lu6g1t1q..iCwa5FuXtpsq7GkGey7SDP9puK3Yhe
Contraseña original: 1111
Comparación contraseñas 
Contraseña hasheada: $2y$11$.Wgpvvkfd8K1PZ.ECgl/zevz5LDfnjhddZEjIpNevgxCUTvHVT7CC
Contraseña original: 1111
Comparación contraseñas 
Contraseña hasheada: $2y$11$H8INH19/S8Mz0lu6g1t1q..iCwa5FuXtpsq7GkGey7SDP9puK3Yhe
Contraseña original: 1111
Comparación contraseñas 
Contraseña hasheada: $2y$11$.Wgpvvkfd8K1PZ.ECgl/zevz5LDfnjhddZEjIpNevgxCUTvHVT7CC
Contraseña original: 1111
Comparación contraseñas 
Contraseña hasheada: $2y$11$.Wgpvvkfd8K1PZ.ECgl/zevz5LDfnjhddZEjIpNevgxCUTvHVT7CC
Contraseña original: 12111
Comparación contraseñas 
Contraseña hasheada: $2y$11$H8INH19/S8Mz0lu6g1t1q..iCwa5FuXtpsq7GkGey7SDP9puK3Yhe
Contraseña original: 1111
Comparación contraseñas 
Contraseña hasheada: $2y$11$bB5roOZVN6ShlQXf84DeQOtEp720nRcTz26cm1OP7yQI3LyvelKza
Contraseña original: 123456
Comparación contraseñas 
Contraseña hasheada: $2y$11$.Wgpvvkfd8K1PZ.ECgl/zevz5LDfnjhddZEjIpNevgxCUTvHVT7CC
Contraseña original: 1111
Comparación contraseñas 
Contraseña hasheada: $2y$11$.Wgpvvkfd8K1PZ.ECgl/zevz5LDfnjhddZEjIpNevgxCUTvHVT7CC
Contraseña original: 1111
Comparación contraseñas 
Contraseña hasheada: $2y$11$.Wgpvvkfd8K1PZ.ECgl/zevz5LDfnjhddZEjIpNevgxCUTvHVT7CC
Contraseña original: 123456
Comparación contraseñas 
